# JRE version: Java(TM) SE Runtime Environment 18.9 (11.0.13+10) (build 11.0.13+10-LTS-370)
# Java VM: Java HotSpot(TM) 64-Bit Server VM 18.9 (11.0.13+10-LTS-370, mixed mode, tiered, compressed oops, g1 gc, windows-amd64)
Heap:
 garbage-first heap   total 356352K, used 15378K [0x0000000700e00000, 0x0000000800000000)
  region size 1024K, 11 young (11264K), 11 survivors (11264K)
 Metaspace       used 30901K, capacity 31984K, committed 32128K, reserved 1077248K
  class space    used 3956K, capacity 4390K, committed 4480K, reserved 1048576K
GC Heap History (9 events):
Event: 0.498 GC heap before
{Heap before GC invocations=0 (full 0):
 garbage-first heap   total 262144K, used 24576K [0x0000000700e00000, 0x0000000800000000)
  region size 1024K, 24 young (24576K), 0 survivors (0K)
 Metaspace       used 13611K, capacity 13948K, committed 14208K, reserved 1062912K
  class space    used 1431K, capacity 1556K, committed 1664K, reserved 1048576K
}
Event: 0.524 GC heap after
{Heap after GC invocations=1 (full 0):
 garbage-first heap   total 262144K, used 7812K [0x0000000700e00000, 0x0000000800000000)
  region size 1024K, 3 young (3072K), 3 survivors (3072K)
 Metaspace       used 13611K, capacity 13948K, committed 14208K, reserved 1062912K
  class space    used 1431K, capacity 1556K, committed 1664K, reserved 1048576K
}
Event: 0.645 GC heap before
{Heap before GC invocations=1 (full 0):
 garbage-first heap   total 262144K, used 56964K [0x0000000700e00000, 0x0000000800000000)
  region size 1024K, 52 young (53248K), 3 survivors (3072K)
 Metaspace       used 15056K, capacity 15447K, committed 15744K, reserved 1062912K
  class space    used 1642K, capacity 1830K, committed 1920K, reserved 1048576K
}
Event: 0.648 GC heap after
{Heap after GC invocations=2 (full 0):
 garbage-first heap   total 262144K, used 8286K [0x0000000700e00000, 0x0000000800000000)
  region size 1024K, 4 young (4096K), 4 survivors (4096K)
 Metaspace       used 15056K, capacity 15447K, committed 15744K, reserved 1062912K
  class space    used 1642K, capacity 1830K, committed 1920K, reserved 1048576K
}
Event: 0.940 GC heap before
{Heap before GC invocations=2 (full 0):
 garbage-first heap   total 262144K, used 44126K [0x0000000700e00000, 0x0000000800000000)
  region size 1024K, 40 young (40960K), 4 survivors (4096K)
 Metaspace       used 20582K, capacity 21124K, committed 21296K, reserved 1069056K
  class space    used 2433K, capacity 2672K, committed 2688K, reserved 1048576K
}
Event: 0.943 GC heap after
{Heap after GC invocations=3 (full 0):
 garbage-first heap   total 262144K, used 9860K [0x0000000700e00000, 0x0000000800000000)
  region size 1024K, 5 young (5120K), 5 survivors (5120K)
 Metaspace       used 20582K, capacity 21124K, committed 21296K, reserved 1069056K
  class space    used 2433K, capacity 2672K, committed 2688K, reserved 1048576K
}
Event: 1.108 GC heap before
{Heap before GC invocations=4 (full 0):
 garbage-first heap   total 262144K, used 78468K [0x0000000700e00000, 0x0000000800000000)
  region size 1024K, 73 young (74752K), 5 survivors (5120K)
 Metaspace       used 24896K, capacity 25644K, committed 25984K, reserved 1071104K
  class space    used 3065K, capacity 3370K, committed 3456K, reserved 1048576K
}
Event: 1.114 GC heap after
{Heap after GC invocations=5 (full 0):
 garbage-first heap   total 262144K, used 11549K [0x0000000700e00000, 0x0000000800000000)
  region size 1024K, 7 young (7168K), 7 survivors (7168K)
 Metaspace       used 24896K, capacity 25644K, committed 25984K, reserved 1071104K
  class space    used 3065K, capacity 3370K, committed 3456K, reserved 1048576K
}
Event: 1.682 GC heap before
{Heap before GC invocations=5 (full 0):
 garbage-first heap   total 262144K, used 110877K [0x0000000700e00000, 0x0000000800000000)
  region size 1024K, 105 young (107520K), 7 survivors (7168K)
 Metaspace       used 30901K, capacity 31984K, committed 32128K, reserved 1077248K
  class space    used 3956K, capacity 4390K, committed 4480K, reserved 1048576K
}

